
> hydrn-web-app@0.1.0 build
> vite build

[36mvite v5.4.21 [32mbuilding for production...[36m[39m
transforming...
[32m✓[39m 5 modules transformed.
[31mx[39m Build failed in 409ms
[31merror during build:
[31m[vite:esbuild] Transform failed with 1 error:
C:/Users/abhis/Desktop/Hydrn/Web App/src/pages/EventDetail.jsx:5:9: ERROR: The symbol "motion" has already been declared[31m
file: [36mC:/Users/abhis/Desktop/Hydrn/Web App/src/pages/EventDetail.jsx:5:9[31m
[33m
[33mThe symbol "motion" has already been declared[33m
3  |  import { useParams, useNavigate } from 'react-router-dom'
4  |  import { motion } from 'framer-motion'
5  |  import { motion } from 'framer-motion'
   |           ^
6  |  // import useCheckout from '../hooks/useCheckout' // Hook not found, mocking for build
7  |  const useCheckout = () => ({
[31m
    at failureErrorWithLog (C:\Users\abhis\Desktop\Hydrn\Web App\node_modules\esbuild\lib\main.js:1472:15)
    at C:\Users\abhis\Desktop\Hydrn\Web App\node_modules\esbuild\lib\main.js:755:50
    at responseCallbacks.<computed> (C:\Users\abhis\Desktop\Hydrn\Web App\node_modules\esbuild\lib\main.js:622:9)
    at handleIncomingPacket (C:\Users\abhis\Desktop\Hydrn\Web App\node_modules\esbuild\lib\main.js:677:12)
    at Socket.readFromStdout (C:\Users\abhis\Desktop\Hydrn\Web App\node_modules\esbuild\lib\main.js:600:7)
    at Socket.emit (node:events:518:28)
    at addChunk (node:internal/streams/readable:561:12)
    at readableAddChunkPushByteMode (node:internal/streams/readable:512:3)
    at Readable.push (node:internal/streams/readable:392:5)
    at Pipe.onStreamRead (node:internal/stream_base_commons:189:23)[39m
